Log file open, 12/22/21 20:46:09
LogInit: Display: Running engine for game: PacmanCheems
LogPlatformFile: Not using cached read wrapper
LogTaskGraph: Started task graph with 5 named threads and 23 total threads with 3 sets of task threads.
LogStats: Stats thread started at 0.527540
LogD3D11RHI: Loaded GFSDK_Aftermath_Lib.x64.dll
LogICUInternationalization: ICU TimeZone Detection - Raw Offset: -4:00, Platform Override: ''
LogPluginManager: Mounting plugin Paper2D
LogPluginManager: Mounting plugin AISupport
LogPluginManager: Mounting plugin LightPropagationVolume
LogPluginManager: Mounting plugin CameraShakePreviewer
LogPluginManager: Mounting plugin ActorLayerUtilities
LogPluginManager: Mounting plugin AnimationSharing
LogPluginManager: Mounting plugin CLionSourceCodeAccess
LogPluginManager: Mounting plugin CodeLiteSourceCodeAccess
LogPluginManager: Mounting plugin GitSourceControl
LogPluginManager: Mounting plugin KDevelopSourceCodeAccess
LogPluginManager: Mounting plugin NullSourceCodeAccess
LogPluginManager: Mounting plugin PerforceSourceControl
LogPluginManager: Mounting plugin PlasticSourceControl
LogPluginManager: Mounting plugin RiderSourceCodeAccess
LogPluginManager: Mounting plugin SubversionSourceControl
LogPluginManager: Mounting plugin UObjectPlugin
LogPluginManager: Mounting plugin VisualStudioCodeSourceCodeAccess
LogPluginManager: Mounting plugin VisualStudioSourceCodeAccess
LogPluginManager: Mounting plugin XCodeSourceCodeAccess
LogPluginManager: Mounting plugin AssetManagerEditor
LogPluginManager: Mounting plugin CryptoKeys
LogPluginManager: Mounting plugin CurveEditorTools
LogPluginManager: Mounting plugin DataValidation
LogPluginManager: Mounting plugin EditorScriptingUtilities
LogPluginManager: Mounting plugin FacialAnimation
LogPluginManager: Mounting plugin GameplayTagsEditor
LogPluginManager: Mounting plugin GeometryMode
LogPluginManager: Mounting plugin MacGraphicsSwitching
LogPluginManager: Mounting plugin MaterialAnalyzer
LogPluginManager: Mounting plugin MobileLauncherProfileWizard
LogPluginManager: Mounting plugin PluginBrowser
LogPluginManager: Mounting plugin SpeedTreeImporter
LogPluginManager: Mounting plugin DatasmithContent
LogPluginManager: Mounting plugin VariantManagerContent
LogPluginManager: Mounting plugin AlembicImporter
LogPluginManager: Mounting plugin AutomationUtils
LogPluginManager: Mounting plugin BackChannel
LogPluginManager: Mounting plugin ChaosCloth
LogPluginManager: Mounting plugin ChaosClothEditor
LogPluginManager: Mounting plugin ChaosEditor
LogPluginManager: Mounting plugin ChaosNiagara
LogPluginManager: Mounting plugin ChaosSolverPlugin
LogPluginManager: Mounting plugin CharacterAI
LogPluginManager: Mounting plugin GeometryCache
LogPluginManager: Mounting plugin GeometryCollectionPlugin
LogPluginManager: Mounting plugin GeometryProcessing
LogPluginManager: Mounting plugin PlanarCut
LogPluginManager: Mounting plugin PlatformCrypto
LogPluginManager: Mounting plugin ProxyLODPlugin
LogPluginManager: Mounting plugin SkeletalReduction
LogPluginManager: Mounting plugin Niagara
LogPluginManager: Mounting plugin MagicLeap
LogPluginManager: Mounting plugin MagicLeapLightEstimation
LogPluginManager: Mounting plugin MagicLeapMedia
LogPluginManager: Mounting plugin MagicLeapPassableWorld
LogPluginManager: Mounting plugin MLSDK
LogPluginManager: Mounting plugin AndroidMedia
LogPluginManager: Mounting plugin AvfMedia
LogPluginManager: Mounting plugin ImgMedia
LogPluginManager: Mounting plugin MediaCompositing
LogPluginManager: Mounting plugin MediaPlayerEditor
LogPluginManager: Mounting plugin WebMMedia
LogPluginManager: Mounting plugin WmfMedia
LogPluginManager: Mounting plugin MeshPainting
LogPluginManager: Mounting plugin TcpMessaging
LogPluginManager: Mounting plugin UdpMessaging
LogPluginManager: Mounting plugin ActorSequence
LogPluginManager: Mounting plugin LevelSequenceEditor
LogPluginManager: Mounting plugin MatineeToLevelSequence
LogPluginManager: Mounting plugin MovieRenderPipeline
LogPluginManager: Mounting plugin TemplateSequence
LogPluginManager: Mounting plugin NetcodeUnitTest
LogPluginManager: Mounting plugin NUTUnrealEngine4
LogPluginManager: Mounting plugin OnlineSubsystemGooglePlay
LogPluginManager: Mounting plugin OnlineSubsystemIOS
LogPluginManager: Mounting plugin OnlineSubsystem
LogPluginManager: Mounting plugin OnlineSubsystemNull
LogPluginManager: Mounting plugin OnlineSubsystemUtils
LogPluginManager: Mounting plugin LauncherChunkInstaller
LogPluginManager: Mounting plugin AndroidDeviceProfileSelector
LogPluginManager: Mounting plugin AndroidMoviePlayer
LogPluginManager: Mounting plugin AndroidPermission
LogPluginManager: Mounting plugin AppleImageUtils
LogPluginManager: Mounting plugin AppleMoviePlayer
LogPluginManager: Mounting plugin ArchVisCharacter
LogPluginManager: Mounting plugin AssetTags
LogPluginManager: Mounting plugin AudioCapture
LogPluginManager: Mounting plugin CableComponent
LogPluginManager: Mounting plugin CustomMeshComponent
LogPluginManager: Mounting plugin EditableMesh
LogPluginManager: Mounting plugin ExampleDeviceProfileSelector
LogPluginManager: Mounting plugin GoogleCloudMessaging
LogPluginManager: Mounting plugin GooglePAD
LogPluginManager: Mounting plugin IOSDeviceProfileSelector
LogPluginManager: Mounting plugin LinuxDeviceProfileSelector
LogPluginManager: Mounting plugin LocationServicesBPLibrary
LogPluginManager: Mounting plugin MobilePatchingUtils
LogPluginManager: Mounting plugin OculusVR
LogPluginManager: Mounting plugin PhysXVehicles
LogPluginManager: Mounting plugin PostSplashScreen
LogPluginManager: Mounting plugin ProceduralMeshComponent
LogPluginManager: Mounting plugin RuntimePhysXCooking
LogPluginManager: Mounting plugin SignificanceManager
LogPluginManager: Mounting plugin SoundFields
LogPluginManager: Mounting plugin SteamVR
LogPluginManager: Mounting plugin Synthesis
LogPluginManager: Mounting plugin WebMMoviePlayer
LogPluginManager: Mounting plugin WindowsMoviePlayer
LogPluginManager: Mounting plugin ScreenshotTools
LogInit: Using libcurl 7.55.1-DEV
LogInit:  - built for x86_64-pc-win32
LogInit:  - supports SSL with OpenSSL/1.1.1
LogInit:  - supports HTTP deflate (compression) using libz 1.2.8
LogInit:  - other features:
LogInit:      CURL_VERSION_SSL
LogInit:      CURL_VERSION_LIBZ
LogInit:      CURL_VERSION_IPV6
LogInit:      CURL_VERSION_ASYNCHDNS
LogInit:      CURL_VERSION_LARGEFILE
LogInit:      CURL_VERSION_IDN
LogInit:  CurlRequestOptions (configurable via config and command line):
LogInit:  - bVerifyPeer = true  - Libcurl will verify peer certificate
LogInit:  - bUseHttpProxy = false  - Libcurl will NOT use HTTP proxy
LogInit:  - bDontReuseConnections = false  - Libcurl will reuse connections
LogInit:  - MaxHostConnections = 16  - Libcurl will limit the number of connections to a host
LogInit:  - LocalHostAddr = Default
LogInit:  - BufferSize = 65536
LogOnline: OSS: Creating online subsystem instance for: NULL
LogInit: WinSock: version 1.1 (2.2), MaxSocks=32767, MaxUdp=65467
LogOnline: OSS: TryLoadSubsystemAndSetDefault: Loaded subsystem for module [NULL]
LogInit: Build: ++UE4+Release-4.25-CL-14469661
LogInit: Engine Version: 4.25.4-14469661+++UE4+Release-4.25
LogInit: Compatible Engine Version: 4.25.0-13144385+++UE4+Release-4.25
LogInit: Net CL: 13144385
LogInit: OS: Windows 10 (Release 2009) (), CPU: Intel(R) Core(TM) i5-9300H CPU @ 2.40GHz, GPU: Intel(R) UHD Graphics 630
LogInit: Compiled (64-bit): Oct 11 2020 08:10:49
LogInit: Compiled with Visual C++: 19.24.28315.00
LogInit: Build Configuration: Development
LogInit: Branch Name: ++UE4+Release-4.25
LogInit: Command Line: 
LogInit: Base Directory: C:/Program Files/Epic Games/UE_4.25/Engine/Binaries/Win64/
LogInit: Allocator: TBB
LogInit: Installed Engine Build: 1
LogDevObjectVersion: Number of dev versions registered: 26
LogDevObjectVersion:   Dev-Blueprints (B0D832E4-1F89-4F0D-ACCF-7EB736FD4AA2): 10
LogDevObjectVersion:   Dev-Build (E1C64328-A22C-4D53-A36C-8E866417BD8C): 0
LogDevObjectVersion:   Dev-Core (375EC13C-06E4-48FB-B500-84F0262A717E): 4
LogDevObjectVersion:   Dev-Editor (E4B068ED-F494-42E9-A231-DA0B2E46BB41): 38
LogDevObjectVersion:   Dev-Framework (CFFC743F-43B0-4480-9391-14DF171D2073): 37
LogDevObjectVersion:   Dev-Mobile (B02B49B5-BB20-44E9-A304-32B752E40360): 2
LogDevObjectVersion:   Dev-Networking (A4E4105C-59A1-49B5-A7C5-40C4547EDFEE): 0
LogDevObjectVersion:   Dev-Online (39C831C9-5AE6-47DC-9A44-9C173E1C8E7C): 0
LogDevObjectVersion:   Dev-Physics (78F01B33-EBEA-4F98-B9B4-84EACCB95AA2): 4
LogDevObjectVersion:   Dev-Platform (6631380F-2D4D-43E0-8009-CF276956A95A): 0
LogDevObjectVersion:   Dev-Rendering (12F88B9F-8875-4AFC-A67C-D90C383ABD29): 43
LogDevObjectVersion:   Dev-Sequencer (7B5AE74C-D270-4C10-A958-57980B212A5A): 12
LogDevObjectVersion:   Dev-VR (D7296918-1DD6-4BDD-9DE2-64A83CC13884): 3
LogDevObjectVersion:   Dev-LoadTimes (C2A15278-BFE7-4AFE-6C17-90FF531DF755): 1
LogDevObjectVersion:   Private-Geometry (6EACA3D4-40EC-4CC1-B786-8BED09428FC5): 3
LogDevObjectVersion:   Dev-AnimPhys (29E575DD-E0A3-4627-9D10-D276232CDCEA): 17
LogDevObjectVersion:   Dev-Anim (AF43A65D-7FD3-4947-9873-3E8ED9C1BB05): 7
LogDevObjectVersion:   Dev-ReflectionCapture (6B266CEC-1EC7-4B8F-A30B-E4D90942FC07): 1
LogDevObjectVersion:   Dev-Automation (0DF73D61-A23F-47EA-B727-89E90C41499A): 1
LogDevObjectVersion:   FortniteMain (601D1886-AC64-4F84-AA16-D3DE0DEAC7D6): 31
LogDevObjectVersion:   Dev-Enterprise (9DFFBCD6-494F-0158-E221-12823C92A888): 10
LogDevObjectVersion:   Dev-Niagara (F2AED0AC-9AFE-416F-8664-AA7FFA26D6FC): 1
LogDevObjectVersion:   Dev-Destruction (174F1F0B-B4C6-45A5-B13F-2EE8D0FB917D): 10
LogDevObjectVersion:   Dev-Physics-Ext (35F94A83-E258-406C-A318-09F59610247C): 37
LogDevObjectVersion:   Dev-PhysicsMaterial-Chaos (B68FC16E-8B1B-42E2-B453-215C058844FE): 1
LogDevObjectVersion:   Dev-CineCamera (B2E18506-4273-CFC2-A54E-F4BB758BBA07): 1
LogInit: Presizing for max 25165824 objects, including 0 objects not considered by GC, pre-allocating 0 bytes for permanent pool.
LogConfig: Applying CVar settings from Section [/Script/Engine.StreamingSettings] File [C:/Users/danie/Documents/GitHub/PacmanSi/PacmanCheems/Saved/Config/Windows/Engine.ini]
LogConfig: Setting CVar [[s.MinBulkDataSizeForAsyncLoading:131072]]
LogConfig: Setting CVar [[s.AsyncLoadingThreadEnabled:0]]
LogConfig: Setting CVar [[s.EventDrivenLoaderEnabled:1]]
LogConfig: Setting CVar [[s.WarnIfTimeLimitExceeded:0]]
LogConfig: Setting CVar [[s.TimeLimitExceededMultiplier:1.5]]
LogConfig: Setting CVar [[s.TimeLimitExceededMinTime:0.005]]
LogConfig: Setting CVar [[s.UseBackgroundLevelStreaming:1]]
LogConfig: Setting CVar [[s.PriorityAsyncLoadingExtraTime:15.0]]
LogConfig: Setting CVar [[s.LevelStreamingActorsUpdateTimeLimit:5.0]]
LogConfig: Setting CVar [[s.PriorityLevelStreamingActorsUpdateExtraTime:5.0]]
LogConfig: Setting CVar [[s.LevelStreamingComponentsRegistrationGranularity:10]]
LogConfig: Setting CVar [[s.UnregisterComponentsTimeLimit:1.0]]
LogConfig: Setting CVar [[s.LevelStreamingComponentsUnregistrationGranularity:5]]
LogConfig: Setting CVar [[s.FlushStreamingOnExit:1]]
LogInit: Object subsystem initialized
LogConfig: Setting CVar [[con.DebugEarlyDefault:1]]
LogConfig: Setting CVar [[r.setres:1280x720]]
[2021.12.22-23.46.10:502][  0]LogConfig: Setting CVar [[r.VSync:0]]
[2021.12.22-23.46.10:502][  0]LogConfig: Setting CVar [[r.RHICmdBypass:0]]
[2021.12.22-23.46.10:502][  0]LogConfig: Applying CVar settings from Section [/Script/Engine.RendererSettings] File [C:/Users/danie/Documents/GitHub/PacmanSi/PacmanCheems/Saved/Config/Windows/Engine.ini]
[2021.12.22-23.46.10:502][  0]LogConfig: Setting CVar [[r.GPUCrashDebugging:0]]
[2021.12.22-23.46.10:502][  0]LogConfig: Applying CVar settings from Section [/Script/Engine.RendererOverrideSettings] File [C:/Users/danie/Documents/GitHub/PacmanSi/PacmanCheems/Saved/Config/Windows/Engine.ini]
[2021.12.22-23.46.10:502][  0]LogConfig: Applying CVar settings from Section [/Script/Engine.StreamingSettings] File [C:/Users/danie/Documents/GitHub/PacmanSi/PacmanCheems/Saved/Config/Windows/Engine.ini]
[2021.12.22-23.46.10:502][  0]LogConfig: Setting CVar [[s.MinBulkDataSizeForAsyncLoading:131072]]
[2021.12.22-23.46.10:502][  0]LogConfig: Setting CVar [[s.AsyncLoadingThreadEnabled:0]]
[2021.12.22-23.46.10:502][  0]LogConfig: Setting CVar [[s.EventDrivenLoaderEnabled:1]]
[2021.12.22-23.46.10:502][  0]LogConfig: Setting CVar [[s.WarnIfTimeLimitExceeded:0]]
[2021.12.22-23.46.10:502][  0]LogConfig: Setting CVar [[s.TimeLimitExceededMultiplier:1.5]]
[2021.12.22-23.46.10:502][  0]LogConfig: Setting CVar [[s.TimeLimitExceededMinTime:0.005]]
[2021.12.22-23.46.10:502][  0]LogConfig: Setting CVar [[s.UseBackgroundLevelStreaming:1]]
[2021.12.22-23.46.10:502][  0]LogConfig: Setting CVar [[s.PriorityAsyncLoadingExtraTime:15.0]]
[2021.12.22-23.46.10:502][  0]LogConfig: Setting CVar [[s.LevelStreamingActorsUpdateTimeLimit:5.0]]
[2021.12.22-23.46.10:502][  0]LogConfig: Setting CVar [[s.PriorityLevelStreamingActorsUpdateExtraTime:5.0]]
[2021.12.22-23.46.10:502][  0]LogConfig: Setting CVar [[s.LevelStreamingComponentsRegistrationGranularity:10]]
[2021.12.22-23.46.10:502][  0]LogConfig: Setting CVar [[s.UnregisterComponentsTimeLimit:1.0]]
[2021.12.22-23.46.10:502][  0]LogConfig: Setting CVar [[s.LevelStreamingComponentsUnregistrationGranularity:5]]
[2021.12.22-23.46.10:502][  0]LogConfig: Setting CVar [[s.FlushStreamingOnExit:1]]
[2021.12.22-23.46.10:502][  0]LogConfig: Applying CVar settings from Section [/Script/Engine.GarbageCollectionSettings] File [C:/Users/danie/Documents/GitHub/PacmanSi/PacmanCheems/Saved/Config/Windows/Engine.ini]
[2021.12.22-23.46.10:502][  0]LogConfig: Setting CVar [[gc.MaxObjectsNotConsideredByGC:1]]
[2021.12.22-23.46.10:502][  0]LogConfig: Setting CVar [[gc.SizeOfPermanentObjectPool:0]]
[2021.12.22-23.46.10:502][  0]LogConfig: Setting CVar [[gc.FlushStreamingOnGC:0]]
[2021.12.22-23.46.10:502][  0]LogConfig: Setting CVar [[gc.NumRetriesBeforeForcingGC:10]]
[2021.12.22-23.46.10:502][  0]LogConfig: Setting CVar [[gc.AllowParallelGC:1]]
[2021.12.22-23.46.10:502][  0]LogConfig: Setting CVar [[gc.TimeBetweenPurgingPendingKillObjects:61.1]]
[2021.12.22-23.46.10:502][  0]LogConfig: Setting CVar [[gc.MaxObjectsInEditor:25165824]]
[2021.12.22-23.46.10:502][  0]LogConfig: Setting CVar [[gc.IncrementalBeginDestroyEnabled:1]]
[2021.12.22-23.46.10:502][  0]LogConfig: Setting CVar [[gc.CreateGCClusters:1]]
[2021.12.22-23.46.10:502][  0]LogConfig: Setting CVar [[gc.MinGCClusterSize:5]]
[2021.12.22-23.46.10:502][  0]LogConfig: Setting CVar [[gc.ActorClusteringEnabled:0]]
[2021.12.22-23.46.10:502][  0]LogConfig: Setting CVar [[gc.BlueprintClusteringEnabled:0]]
[2021.12.22-23.46.10:502][  0]LogConfig: Setting CVar [[gc.UseDisregardForGCOnDedicatedServers:0]]
[2021.12.22-23.46.10:503][  0]LogConfig: Applying CVar settings from Section [/Script/Engine.NetworkSettings] File [C:/Users/danie/Documents/GitHub/PacmanSi/PacmanCheems/Saved/Config/Windows/Engine.ini]
[2021.12.22-23.46.10:503][  0]LogConfig: Applying CVar settings from Section [/Script/UnrealEd.CookerSettings] File [C:/Users/danie/Documents/GitHub/PacmanSi/PacmanCheems/Saved/Config/Windows/Engine.ini]
[2021.12.22-23.46.10:508][  0]LogConfig: Applying CVar settings from Section [ViewDistanceQuality@3] File [C:/Users/danie/Documents/GitHub/PacmanSi/PacmanCheems/Saved/Config/Windows/Scalability.ini]
[2021.12.22-23.46.10:508][  0]LogConfig: Setting CVar [[r.SkeletalMeshLODBias:0]]
[2021.12.22-23.46.10:508][  0]LogConfig: Setting CVar [[r.ViewDistanceScale:1.0]]
[2021.12.22-23.46.10:508][  0]LogConfig: Applying CVar settings from Section [AntiAliasingQuality@3] File [C:/Users/danie/Documents/GitHub/PacmanSi/PacmanCheems/Saved/Config/Windows/Scalability.ini]
[2021.12.22-23.46.10:508][  0]LogConfig: Setting CVar [[r.PostProcessAAQuality:4]]
[2021.12.22-23.46.10:508][  0]LogConfig: Applying CVar settings from Section [ShadowQuality@3] File [C:/Users/danie/Documents/GitHub/PacmanSi/PacmanCheems/Saved/Config/Windows/Scalability.ini]
[2021.12.22-23.46.10:508][  0]LogConfig: Setting CVar [[r.LightFunctionQuality:1]]
[2021.12.22-23.46.10:508][  0]LogConfig: Setting CVar [[r.ShadowQuality:5]]
[2021.12.22-23.46.10:508][  0]LogConfig: Setting CVar [[r.Shadow.CSM.MaxCascades:10]]
[2021.12.22-23.46.10:508][  0]LogConfig: Setting CVar [[r.Shadow.MaxResolution:2048]]
[2021.12.22-23.46.10:508][  0]LogConfig: Setting CVar [[r.Shadow.MaxCSMResolution:2048]]
[2021.12.22-23.46.10:508][  0]LogConfig: Setting CVar [[r.Shadow.RadiusThreshold:0.01]]
[2021.12.22-23.46.10:508][  0]LogConfig: Setting CVar [[r.Shadow.DistanceScale:1.0]]
[2021.12.22-23.46.10:508][  0]LogConfig: Setting CVar [[r.Shadow.CSM.TransitionScale:1.0]]
[2021.12.22-23.46.10:508][  0]LogConfig: Setting CVar [[r.Shadow.PreShadowResolutionFactor:1.0]]
[2021.12.22-23.46.10:508][  0]LogConfig: Setting CVar [[r.DistanceFieldShadowing:1]]
[2021.12.22-23.46.10:508][  0]LogConfig: Setting CVar [[r.DistanceFieldAO:1]]
[2021.12.22-23.46.10:508][  0]LogConfig: Setting CVar [[r.AOQuality:2]]
[2021.12.22-23.46.10:508][  0]LogConfig: Setting CVar [[r.VolumetricFog:1]]
[2021.12.22-23.46.10:508][  0]LogConfig: Setting CVar [[r.VolumetricFog.GridPixelSize:8]]
[2021.12.22-23.46.10:508][  0]LogConfig: Setting CVar [[r.VolumetricFog.GridSizeZ:128]]
[2021.12.22-23.46.10:508][  0]LogConfig: Setting CVar [[r.VolumetricFog.HistoryMissSupersampleCount:4]]
[2021.12.22-23.46.10:508][  0]LogConfig: Setting CVar [[r.LightMaxDrawDistanceScale:1]]
[2021.12.22-23.46.10:508][  0]LogConfig: Setting CVar [[r.CapsuleShadows:1]]
[2021.12.22-23.46.10:508][  0]LogConfig: Applying CVar settings from Section [PostProcessQuality@3] File [C:/Users/danie/Documents/GitHub/PacmanSi/PacmanCheems/Saved/Config/Windows/Scalability.ini]
[2021.12.22-23.46.10:508][  0]LogConfig: Setting CVar [[r.MotionBlurQuality:4]]
[2021.12.22-23.46.10:508][  0]LogConfig: Setting CVar [[r.AmbientOcclusionMipLevelFactor:0.4]]
[2021.12.22-23.46.10:509][  0]LogConfig: Setting CVar [[r.AmbientOcclusionMaxQuality:100]]
[2021.12.22-23.46.10:509][  0]LogConfig: Setting CVar [[r.AmbientOcclusionLevels:-1]]
[2021.12.22-23.46.10:509][  0]LogConfig: Setting CVar [[r.AmbientOcclusionRadiusScale:1.0]]
[2021.12.22-23.46.10:509][  0]LogConfig: Setting CVar [[r.DepthOfFieldQuality:2]]
[2021.12.22-23.46.10:509][  0]LogConfig: Setting CVar [[r.RenderTargetPoolMin:400]]
[2021.12.22-23.46.10:509][  0]LogConfig: Setting CVar [[r.LensFlareQuality:2]]
[2021.12.22-23.46.10:509][  0]LogConfig: Setting CVar [[r.SceneColorFringeQuality:1]]
[2021.12.22-23.46.10:509][  0]LogConfig: Setting CVar [[r.EyeAdaptationQuality:2]]
[2021.12.22-23.46.10:509][  0]LogConfig: Setting CVar [[r.BloomQuality:5]]
[2021.12.22-23.46.10:509][  0]LogConfig: Setting CVar [[r.FastBlurThreshold:100]]
[2021.12.22-23.46.10:509][  0]LogConfig: Setting CVar [[r.Upscale.Quality:3]]
[2021.12.22-23.46.10:509][  0]LogConfig: Setting CVar [[r.Tonemapper.GrainQuantization:1]]
[2021.12.22-23.46.10:509][  0]LogConfig: Setting CVar [[r.LightShaftQuality:1]]
[2021.12.22-23.46.10:509][  0]LogConfig: Setting CVar [[r.Filter.SizeScale:1]]
[2021.12.22-23.46.10:509][  0]LogConfig: Setting CVar [[r.Tonemapper.Quality:5]]
[2021.12.22-23.46.10:509][  0]LogConfig: Setting CVar [[r.DOF.Gather.AccumulatorQuality:1        ; higher gathering accumulator quality]]
[2021.12.22-23.46.10:509][  0]LogConfig: Setting CVar [[r.DOF.Gather.PostfilterMethod:1          ; Median3x3 postfilering method]]
[2021.12.22-23.46.10:509][  0]LogConfig: Setting CVar [[r.DOF.Gather.EnableBokehSettings:0       ; no bokeh simulation when gathering]]
[2021.12.22-23.46.10:509][  0]LogConfig: Setting CVar [[r.DOF.Gather.RingCount:4                 ; medium number of samples when gathering]]
[2021.12.22-23.46.10:509][  0]LogConfig: Setting CVar [[r.DOF.Scatter.ForegroundCompositing:1    ; additive foreground scattering]]
[2021.12.22-23.46.10:509][  0]LogConfig: Setting CVar [[r.DOF.Scatter.BackgroundCompositing:2    ; additive background scattering]]
[2021.12.22-23.46.10:509][  0]LogConfig: Setting CVar [[r.DOF.Scatter.EnableBokehSettings:1      ; bokeh simulation when scattering]]
[2021.12.22-23.46.10:509][  0]LogConfig: Setting CVar [[r.DOF.Scatter.MaxSpriteRatio:0.1         ; only a maximum of 10% of scattered bokeh]]
[2021.12.22-23.46.10:509][  0]LogConfig: Setting CVar [[r.DOF.Recombine.Quality:1                ; cheap slight out of focus]]
[2021.12.22-23.46.10:509][  0]LogConfig: Setting CVar [[r.DOF.Recombine.EnableBokehSettings:0    ; no bokeh simulation on slight out of focus]]
[2021.12.22-23.46.10:509][  0]LogConfig: Setting CVar [[r.DOF.TemporalAAQuality:1                ; more stable temporal accumulation]]
[2021.12.22-23.46.10:509][  0]LogConfig: Setting CVar [[r.DOF.Kernel.MaxForegroundRadius:0.025]]
[2021.12.22-23.46.10:509][  0]LogConfig: Setting CVar [[r.DOF.Kernel.MaxBackgroundRadius:0.025]]
[2021.12.22-23.46.10:509][  0]LogConfig: Applying CVar settings from Section [TextureQuality@3] File [C:/Users/danie/Documents/GitHub/PacmanSi/PacmanCheems/Saved/Config/Windows/Scalability.ini]
[2021.12.22-23.46.10:509][  0]LogConfig: Setting CVar [[r.Streaming.MipBias:0]]
[2021.12.22-23.46.10:509][  0]LogConfig: Setting CVar [[r.Streaming.AmortizeCPUToGPUCopy:0]]
[2021.12.22-23.46.10:509][  0]LogConfig: Setting CVar [[r.Streaming.MaxNumTexturesToStreamPerFrame:0]]
[2021.12.22-23.46.10:509][  0]LogConfig: Setting CVar [[r.Streaming.Boost:1]]
[2021.12.22-23.46.10:509][  0]LogConfig: Setting CVar [[r.MaxAnisotropy:8]]
[2021.12.22-23.46.10:509][  0]LogConfig: Setting CVar [[r.VT.MaxAnisotropy:8]]
[2021.12.22-23.46.10:509][  0]LogConfig: Setting CVar [[r.Streaming.LimitPoolSizeToVRAM:0]]
[2021.12.22-23.46.10:509][  0]LogConfig: Setting CVar [[r.Streaming.PoolSize:1000]]
[2021.12.22-23.46.10:509][  0]LogConfig: Setting CVar [[r.Streaming.MaxEffectiveScreenSize:0]]
[2021.12.22-23.46.10:509][  0]LogConfig: Applying CVar settings from Section [EffectsQuality@3] File [C:/Users/danie/Documents/GitHub/PacmanSi/PacmanCheems/Saved/Config/Windows/Scalability.ini]
[2021.12.22-23.46.10:509][  0]LogConfig: Setting CVar [[r.TranslucencyLightingVolumeDim:64]]
[2021.12.22-23.46.10:509][  0]LogConfig: Setting CVar [[r.RefractionQuality:2]]
[2021.12.22-23.46.10:509][  0]LogConfig: Setting CVar [[r.SSR.Quality:3]]
[2021.12.22-23.46.10:509][  0]LogConfig: Setting CVar [[r.SSR.HalfResSceneColor:0]]
[2021.12.22-23.46.10:509][  0]LogConfig: Setting CVar [[r.SceneColorFormat:4]]
[2021.12.22-23.46.10:509][  0]LogConfig: Setting CVar [[r.DetailMode:2]]
[2021.12.22-23.46.10:509][  0]LogConfig: Setting CVar [[r.TranslucencyVolumeBlur:1]]
[2021.12.22-23.46.10:509][  0]LogConfig: Setting CVar [[r.MaterialQualityLevel:1 ; High quality]]
[2021.12.22-23.46.10:509][  0]LogConfig: Setting CVar [[r.SSS.Scale:1]]
[2021.12.22-23.46.10:509][  0]LogConfig: Setting CVar [[r.SSS.SampleSet:2]]
[2021.12.22-23.46.10:509][  0]LogConfig: Setting CVar [[r.SSS.Quality:1]]
[2021.12.22-23.46.10:509][  0]LogConfig: Setting CVar [[r.SSS.HalfRes:0]]
[2021.12.22-23.46.10:509][  0]LogConfig: Setting CVar [[r.SSGI.Quality:3]]
[2021.12.22-23.46.10:510][  0]LogConfig: Setting CVar [[r.EmitterSpawnRateScale:1.0]]
[2021.12.22-23.46.10:510][  0]LogConfig: Setting CVar [[r.ParticleLightQuality:2]]
[2021.12.22-23.46.10:510][  0]LogConfig: Setting CVar [[r.SkyAtmosphere.AerialPerspectiveLUT.FastApplyOnOpaque:1 ; Always have FastSkyLUT 1 in this case to avoid wrong sky]]
[2021.12.22-23.46.10:510][  0]LogConfig: Setting CVar [[r.SkyAtmosphere.AerialPerspectiveLUT.SampleCountPerSlice:1]]
[2021.12.22-23.46.10:510][  0]LogConfig: Setting CVar [[r.SkyAtmosphere.AerialPerspectiveLUT.DepthResolution:16.0]]
[2021.12.22-23.46.10:510][  0]LogConfig: Setting CVar [[r.SkyAtmosphere.FastSkyLUT:1]]
[2021.12.22-23.46.10:510][  0]LogConfig: Setting CVar [[r.SkyAtmosphere.FastSkyLUT.SampleCountMin:4.0]]
[2021.12.22-23.46.10:510][  0]LogConfig: Setting CVar [[r.SkyAtmosphere.FastSkyLUT.SampleCountMax:32.0]]
[2021.12.22-23.46.10:510][  0]LogConfig: Setting CVar [[r.SkyAtmosphere.SampleCountMin:4.0]]
[2021.12.22-23.46.10:510][  0]LogConfig: Setting CVar [[r.SkyAtmosphere.SampleCountMax:32.0]]
[2021.12.22-23.46.10:510][  0]LogConfig: Setting CVar [[r.SkyAtmosphere.TransmittanceLUT.UseSmallFormat:0]]
[2021.12.22-23.46.10:510][  0]LogConfig: Setting CVar [[r.SkyAtmosphere.TransmittanceLUT.SampleCount:10.0]]
[2021.12.22-23.46.10:510][  0]LogConfig: Setting CVar [[r.SkyAtmosphere.MultiScatteringLUT.SampleCount:15.0]]
[2021.12.22-23.46.10:510][  0]LogConfig: Applying CVar settings from Section [FoliageQuality@3] File [C:/Users/danie/Documents/GitHub/PacmanSi/PacmanCheems/Saved/Config/Windows/Scalability.ini]
[2021.12.22-23.46.10:510][  0]LogConfig: Setting CVar [[foliage.DensityScale:1.0]]
[2021.12.22-23.46.10:510][  0]LogConfig: Setting CVar [[grass.DensityScale:1.0]]
[2021.12.22-23.46.10:510][  0]LogConfig: Applying CVar settings from Section [ShadingQuality@3] File [C:/Users/danie/Documents/GitHub/PacmanSi/PacmanCheems/Saved/Config/Windows/Scalability.ini]
[2021.12.22-23.46.10:510][  0]LogConfig: Setting CVar [[r.HairStrands.SkyLighting.SampleCount:16]]
[2021.12.22-23.46.10:510][  0]LogConfig: Setting CVar [[r.HairStrands.SkyLighting.JitterIntegration:0]]
[2021.12.22-23.46.10:510][  0]LogConfig: Setting CVar [[r.HairStrands.SkyAO.SampleCount:16]]
[2021.12.22-23.46.10:510][  0]LogConfig: Setting CVar [[r.HairStrands.DeepShadow.SuperSampling:0]]
[2021.12.22-23.46.10:510][  0]LogConfig: Setting CVar [[r.HairStrands.VisibilityPPLL:0]]
[2021.12.22-23.46.10:510][  0]LogConfig: Setting CVar [[r.HairStrands.RasterizationScale:0.5]]
[2021.12.22-23.46.10:510][  0]LogConfig: Setting CVar [[r.HairStrands.VelocityRasterizationScale:1]]
[2021.12.22-23.46.10:510][  0]LogInit: Selected Device Profile: [Windows]
[2021.12.22-23.46.10:510][  0]LogInit: Applying CVar settings loaded from the selected device profile: [Windows]
[2021.12.22-23.46.10:511][  0]LogHAL: Display: Platform has ~ 8 GB [8464355328 / 8589934592 / 8], which maps to Default [LargestMinGB=32, LargerMinGB=12, DefaultMinGB=8, SmallerMinGB=6, SmallestMinGB=0)
[2021.12.22-23.46.10:511][  0]LogInit: Going up to parent DeviceProfile []
[2021.12.22-23.46.10:511][  0]LogConfig: Applying CVar settings from Section [ViewDistanceQuality@3] File [C:/Users/danie/Documents/GitHub/PacmanSi/PacmanCheems/Saved/Config/Windows/Scalability.ini]
[2021.12.22-23.46.10:511][  0]LogConfig: Setting CVar [[r.SkeletalMeshLODBias:0]]
[2021.12.22-23.46.10:511][  0]LogConfig: Setting CVar [[r.ViewDistanceScale:1.0]]
[2021.12.22-23.46.10:511][  0]LogConfig: Applying CVar settings from Section [AntiAliasingQuality@3] File [C:/Users/danie/Documents/GitHub/PacmanSi/PacmanCheems/Saved/Config/Windows/Scalability.ini]
[2021.12.22-23.46.10:511][  0]LogConfig: Setting CVar [[r.PostProcessAAQuality:4]]
[2021.12.22-23.46.10:511][  0]LogConfig: Applying CVar settings from Section [ShadowQuality@3] File [C:/Users/danie/Documents/GitHub/PacmanSi/PacmanCheems/Saved/Config/Windows/Scalability.ini]
[2021.12.22-23.46.10:511][  0]LogConfig: Setting CVar [[r.LightFunctionQuality:1]]
[2021.12.22-23.46.10:511][  0]LogConfig: Setting CVar [[r.ShadowQuality:5]]
[2021.12.22-23.46.10:511][  0]LogConfig: Setting CVar [[r.Shadow.CSM.MaxCascades:10]]
[2021.12.22-23.46.10:511][  0]LogConfig: Setting CVar [[r.Shadow.MaxResolution:2048]]
[2021.12.22-23.46.10:511][  0]LogConfig: Setting CVar [[r.Shadow.MaxCSMResolution:2048]]
[2021.12.22-23.46.10:511][  0]LogConfig: Setting CVar [[r.Shadow.RadiusThreshold:0.01]]
[2021.12.22-23.46.10:511][  0]LogConfig: Setting CVar [[r.Shadow.DistanceScale:1.0]]
[2021.12.22-23.46.10:511][  0]LogConfig: Setting CVar [[r.Shadow.CSM.TransitionScale:1.0]]
[2021.12.22-23.46.10:511][  0]LogConfig: Setting CVar [[r.Shadow.PreShadowResolutionFactor:1.0]]
[2021.12.22-23.46.10:511][  0]LogConfig: Setting CVar [[r.DistanceFieldShadowing:1]]
[2021.12.22-23.46.10:511][  0]LogConfig: Setting CVar [[r.DistanceFieldAO:1]]
[2021.12.22-23.46.10:511][  0]LogConfig: Setting CVar [[r.AOQuality:2]]
[2021.12.22-23.46.10:511][  0]LogConfig: Setting CVar [[r.VolumetricFog:1]]
[2021.12.22-23.46.10:511][  0]LogConfig: Setting CVar [[r.VolumetricFog.GridPixelSize:8]]
[2021.12.22-23.46.10:511][  0]LogConfig: Setting CVar [[r.VolumetricFog.GridSizeZ:128]]
[2021.12.22-23.46.10:511][  0]LogConfig: Setting CVar [[r.VolumetricFog.HistoryMissSupersampleCount:4]]
[2021.12.22-23.46.10:511][  0]LogConfig: Setting CVar [[r.LightMaxDrawDistanceScale:1]]
[2021.12.22-23.46.10:511][  0]LogConfig: Setting CVar [[r.CapsuleShadows:1]]
[2021.12.22-23.46.10:511][  0]LogConfig: Applying CVar settings from Section [PostProcessQuality@3] File [C:/Users/danie/Documents/GitHub/PacmanSi/PacmanCheems/Saved/Config/Windows/Scalability.ini]
[2021.12.22-23.46.10:511][  0]LogConfig: Setting CVar [[r.MotionBlurQuality:4]]
[2021.12.22-23.46.10:511][  0]LogConfig: Setting CVar [[r.AmbientOcclusionMipLevelFactor:0.4]]
[2021.12.22-23.46.10:511][  0]LogConfig: Setting CVar [[r.AmbientOcclusionMaxQuality:100]]
[2021.12.22-23.46.10:511][  0]LogConfig: Setting CVar [[r.AmbientOcclusionLevels:-1]]
[2021.12.22-23.46.10:511][  0]LogConfig: Setting CVar [[r.AmbientOcclusionRadiusScale:1.0]]
[2021.12.22-23.46.10:511][  0]LogConfig: Setting CVar [[r.DepthOfFieldQuality:2]]
[2021.12.22-23.46.10:511][  0]LogConfig: Setting CVar [[r.RenderTargetPoolMin:400]]
[2021.12.22-23.46.10:511][  0]LogConfig: Setting CVar [[r.LensFlareQuality:2]]
[2021.12.22-23.46.10:511][  0]LogConfig: Setting CVar [[r.SceneColorFringeQuality:1]]
[2021.12.22-23.46.10:511][  0]LogConfig: Setting CVar [[r.EyeAdaptationQuality:2]]
[2021.12.22-23.46.10:511][  0]LogConfig: Setting CVar [[r.BloomQuality:5]]
[2021.12.22-23.46.10:511][  0]LogConfig: Setting CVar [[r.FastBlurThreshold:100]]
[2021.12.22-23.46.10:511][  0]LogConfig: Setting CVar [[r.Upscale.Quality:3]]
[2021.12.22-23.46.10:511][  0]LogConfig: Setting CVar [[r.Tonemapper.GrainQuantization:1]]
[2021.12.22-23.46.10:511][  0]LogConfig: Setting CVar [[r.LightShaftQuality:1]]
[2021.12.22-23.46.10:511][  0]LogConfig: Setting CVar [[r.Filter.SizeScale:1]]
[2021.12.22-23.46.10:511][  0]LogConfig: Setting CVar [[r.Tonemapper.Quality:5]]
[2021.12.22-23.46.10:511][  0]LogConfig: Setting CVar [[r.DOF.Gather.AccumulatorQuality:1        ; higher gathering accumulator quality]]
[2021.12.22-23.46.10:511][  0]LogConfig: Setting CVar [[r.DOF.Gather.PostfilterMethod:1          ; Median3x3 postfilering method]]
[2021.12.22-23.46.10:512][  0]LogConfig: Setting CVar [[r.DOF.Gather.EnableBokehSettings:0       ; no bokeh simulation when gathering]]
[2021.12.22-23.46.10:512][  0]LogConfig: Setting CVar [[r.DOF.Gather.RingCount:4                 ; medium number of samples when gathering]]
[2021.12.22-23.46.10:512][  0]LogConfig: Setting CVar [[r.DOF.Scatter.ForegroundCompositing:1    ; additive foreground scattering]]
[2021.12.22-23.46.10:512][  0]LogConfig: Setting CVar [[r.DOF.Scatter.BackgroundCompositing:2    ; additive background scattering]]
[2021.12.22-23.46.10:512][  0]LogConfig: Setting CVar [[r.DOF.Scatter.EnableBokehSettings:1      ; bokeh simulation when scattering]]
[2021.12.22-23.46.10:512][  0]LogConfig: Setting CVar [[r.DOF.Scatter.MaxSpriteRatio:0.1         ; only a maximum of 10% of scattered bokeh]]
[2021.12.22-23.46.10:512][  0]LogConfig: Setting CVar [[r.DOF.Recombine.Quality:1                ; cheap slight out of focus]]
[2021.12.22-23.46.10:512][  0]LogConfig: Setting CVar [[r.DOF.Recombine.EnableBokehSettings:0    ; no bokeh simulation on slight out of focus]]
[2021.12.22-23.46.10:512][  0]LogConfig: Setting CVar [[r.DOF.TemporalAAQuality:1                ; more stable temporal accumulation]]
[2021.12.22-23.46.10:512][  0]LogConfig: Setting CVar [[r.DOF.Kernel.MaxForegroundRadius:0.025]]
[2021.12.22-23.46.10:512][  0]LogConfig: Setting CVar [[r.DOF.Kernel.MaxBackgroundRadius:0.025]]
[2021.12.22-23.46.10:512][  0]LogConfig: Applying CVar settings from Section [TextureQuality@3] File [C:/Users/danie/Documents/GitHub/PacmanSi/PacmanCheems/Saved/Config/Windows/Scalability.ini]
[2021.12.22-23.46.10:512][  0]LogConfig: Setting CVar [[r.Streaming.MipBias:0]]
[2021.12.22-23.46.10:512][  0]LogConfig: Setting CVar [[r.Streaming.AmortizeCPUToGPUCopy:0]]
[2021.12.22-23.46.10:512][  0]LogConfig: Setting CVar [[r.Streaming.MaxNumTexturesToStreamPerFrame:0]]
[2021.12.22-23.46.10:512][  0]LogConfig: Setting CVar [[r.Streaming.Boost:1]]
[2021.12.22-23.46.10:512][  0]LogConfig: Setting CVar [[r.MaxAnisotropy:8]]
[2021.12.22-23.46.10:512][  0]LogConfig: Setting CVar [[r.VT.MaxAnisotropy:8]]
[2021.12.22-23.46.10:512][  0]LogConfig: Setting CVar [[r.Streaming.LimitPoolSizeToVRAM:0]]
[2021.12.22-23.46.10:512][  0]LogConfig: Setting CVar [[r.Streaming.PoolSize:1000]]
[2021.12.22-23.46.10:512][  0]LogConfig: Setting CVar [[r.Streaming.MaxEffectiveScreenSize:0]]
[2021.12.22-23.46.10:512][  0]LogConfig: Applying CVar settings from Section [EffectsQuality@3] File [C:/Users/danie/Documents/GitHub/PacmanSi/PacmanCheems/Saved/Config/Windows/Scalability.ini]
[2021.12.22-23.46.10:512][  0]LogConfig: Setting CVar [[r.TranslucencyLightingVolumeDim:64]]
[2021.12.22-23.46.10:512][  0]LogConfig: Setting CVar [[r.RefractionQuality:2]]
[2021.12.22-23.46.10:512][  0]LogConfig: Setting CVar [[r.SSR.Quality:3]]
[2021.12.22-23.46.10:512][  0]LogConfig: Setting CVar [[r.SSR.HalfResSceneColor:0]]
[2021.12.22-23.46.10:512][  0]LogConfig: Setting CVar [[r.SceneColorFormat:4]]
[2021.12.22-23.46.10:512][  0]LogConfig: Setting CVar [[r.DetailMode:2]]
[2021.12.22-23.46.10:512][  0]LogConfig: Setting CVar [[r.TranslucencyVolumeBlur:1]]
[2021.12.22-23.46.10:512][  0]LogConfig: Setting CVar [[r.MaterialQualityLevel:1 ; High quality]]
[2021.12.22-23.46.10:512][  0]LogConfig: Setting CVar [[r.SSS.Scale:1]]
[2021.12.22-23.46.10:512][  0]LogConfig: Setting CVar [[r.SSS.SampleSet:2]]
[2021.12.22-23.46.10:512][  0]LogConfig: Setting CVar [[r.SSS.Quality:1]]
[2021.12.22-23.46.10:512][  0]LogConfig: Setting CVar [[r.SSS.HalfRes:0]]
[2021.12.22-23.46.10:512][  0]LogConfig: Setting CVar [[r.SSGI.Quality:3]]
[2021.12.22-23.46.10:512][  0]LogConfig: Setting CVar [[r.EmitterSpawnRateScale:1.0]]
[2021.12.22-23.46.10:512][  0]LogConfig: Setting CVar [[r.ParticleLightQuality:2]]
[2021.12.22-23.46.10:512][  0]LogConfig: Setting CVar [[r.SkyAtmosphere.AerialPerspectiveLUT.FastApplyOnOpaque:1 ; Always have FastSkyLUT 1 in this case to avoid wrong sky]]
[2021.12.22-23.46.10:512][  0]LogConfig: Setting CVar [[r.SkyAtmosphere.AerialPerspectiveLUT.SampleCountPerSlice:1]]
[2021.12.22-23.46.10:512][  0]LogConfig: Setting CVar [[r.SkyAtmosphere.AerialPerspectiveLUT.DepthResolution:16.0]]
[2021.12.22-23.46.10:512][  0]LogConfig: Setting CVar [[r.SkyAtmosphere.FastSkyLUT:1]]
[2021.12.22-23.46.10:512][  0]LogConfig: Setting CVar [[r.SkyAtmosphere.FastSkyLUT.SampleCountMin:4.0]]
[2021.12.22-23.46.10:512][  0]LogConfig: Setting CVar [[r.SkyAtmosphere.FastSkyLUT.SampleCountMax:32.0]]
[2021.12.22-23.46.10:512][  0]LogConfig: Setting CVar [[r.SkyAtmosphere.SampleCountMin:4.0]]
[2021.12.22-23.46.10:512][  0]LogConfig: Setting CVar [[r.SkyAtmosphere.SampleCountMax:32.0]]
[2021.12.22-23.46.10:512][  0]LogConfig: Setting CVar [[r.SkyAtmosphere.TransmittanceLUT.UseSmallFormat:0]]
[2021.12.22-23.46.10:512][  0]LogConfig: Setting CVar [[r.SkyAtmosphere.TransmittanceLUT.SampleCount:10.0]]
[2021.12.22-23.46.10:512][  0]LogConfig: Setting CVar [[r.SkyAtmosphere.MultiScatteringLUT.SampleCount:15.0]]
[2021.12.22-23.46.10:512][  0]LogConfig: Applying CVar settings from Section [FoliageQuality@3] File [C:/Users/danie/Documents/GitHub/PacmanSi/PacmanCheems/Saved/Config/Windows/Scalability.ini]
[2021.12.22-23.46.10:512][  0]LogConfig: Setting CVar [[foliage.DensityScale:1.0]]
[2021.12.22-23.46.10:512][  0]LogConfig: Setting CVar [[grass.DensityScale:1.0]]
[2021.12.22-23.46.10:513][  0]LogConfig: Applying CVar settings from Section [ShadingQuality@3] File [C:/Users/danie/Documents/GitHub/PacmanSi/PacmanCheems/Saved/Config/Windows/Scalability.ini]
[2021.12.22-23.46.10:513][  0]LogConfig: Setting CVar [[r.HairStrands.SkyLighting.SampleCount:16]]
[2021.12.22-23.46.10:513][  0]LogConfig: Setting CVar [[r.HairStrands.SkyLighting.JitterIntegration:0]]
[2021.12.22-23.46.10:513][  0]LogConfig: Setting CVar [[r.HairStrands.SkyAO.SampleCount:16]]
[2021.12.22-23.46.10:513][  0]LogConfig: Setting CVar [[r.HairStrands.DeepShadow.SuperSampling:0]]
[2021.12.22-23.46.10:513][  0]LogConfig: Setting CVar [[r.HairStrands.VisibilityPPLL:0]]
[2021.12.22-23.46.10:513][  0]LogConfig: Setting CVar [[r.HairStrands.RasterizationScale:0.5]]
[2021.12.22-23.46.10:513][  0]LogConfig: Setting CVar [[r.HairStrands.VelocityRasterizationScale:1]]
[2021.12.22-23.46.10:513][  0]LogConfig: Applying CVar settings from Section [Startup] File [../../../Engine/Config/ConsoleVariables.ini]
[2021.12.22-23.46.10:514][  0]LogConfig: Setting CVar [[net.UseAdaptiveNetUpdateFrequency:0]]
[2021.12.22-23.46.10:514][  0]LogConfig: Setting CVar [[p.chaos.AllowCreatePhysxBodies:1]]
[2021.12.22-23.46.10:514][  0]LogConfig: Setting CVar [[fx.SkipVectorVMBackendOptimizations:1]]
[2021.12.22-23.46.10:514][  0]LogConfig: Applying CVar settings from Section [ConsoleVariables] File [C:/Users/danie/Documents/GitHub/PacmanSi/PacmanCheems/Saved/Config/Windows/Engine.ini]
[2021.12.22-23.46.10:515][  0]LogInit: Computer: DESKTOP-V48BJ1S
[2021.12.22-23.46.10:515][  0]LogInit: User: Dwanwii
[2021.12.22-23.46.10:515][  0]LogInit: CPU Page size=4096, Cores=4
[2021.12.22-23.46.10:515][  0]LogInit: High frequency timer resolution =10.000000 MHz
[2021.12.22-23.46.10:515][  0]LogMemory: Memory total: Physical=7.9GB (8GB approx)
[2021.12.22-23.46.10:515][  0]LogMemory: Platform Memory Stats for Windows
[2021.12.22-23.46.10:515][  0]LogMemory: Process Physical Memory: 114.65 MB used, 114.66 MB peak
[2021.12.22-23.46.10:515][  0]LogMemory: Process Virtual Memory: 95.91 MB used, 95.91 MB peak
[2021.12.22-23.46.10:515][  0]LogMemory: Physical Memory: 6277.49 MB used,  1794.75 MB free, 8072.24 MB total
[2021.12.22-23.46.10:515][  0]LogMemory: Virtual Memory: 5144.97 MB used,  134212584.00 MB free, 134217728.00 MB total
[2021.12.22-23.46.10:524][  0]LogWindows: WindowsPlatformFeatures enabled
[2021.12.22-23.46.10:665][  0]LogInit: Physics initialised using underlying interface: PhysX
[2021.12.22-23.46.10:669][  0]LogInit: Overriding language with editor language configuration option (en).
[2021.12.22-23.46.10:669][  0]LogInit: Overriding locale with editor locale configuration option (en).
[2021.12.22-23.46.11:133][  0]LogInit: Setting process to per monitor DPI aware
[2021.12.22-23.46.11:187][  0]LogSlate: New Slate User Created.  User Index 0, Is Virtual User: 0
[2021.12.22-23.46.11:187][  0]LogSlate: Slate User Registered.  User Index 0, Is Virtual User: 0
[2021.12.22-23.46.11:658][  0]LogHMD: Failed to initialize OpenVR with code 110
[2021.12.22-23.46.11:658][  0]LogD3D11RHI: D3D11 min allowed feature level: 11_0
[2021.12.22-23.46.11:659][  0]LogD3D11RHI: D3D11 max allowed feature level: 11_0
[2021.12.22-23.46.11:659][  0]LogD3D11RHI: D3D11 adapters:
[2021.12.22-23.46.11:910][  0]LogD3D11RHI:    0. 'NVIDIA GeForce GTX 1650' (Feature Level 11_0)
[2021.12.22-23.46.11:910][  0]LogD3D11RHI:       3962/0/4036 MB DedicatedVideo/DedicatedSystem/SharedSystem, Outputs:2, VendorId:0x10de
[2021.12.22-23.46.11:950][  0]LogD3D11RHI:    1. 'Intel(R) UHD Graphics 630' (Feature Level 11_0)
[2021.12.22-23.46.11:950][  0]LogD3D11RHI:       128/0/4036 MB DedicatedVideo/DedicatedSystem/SharedSystem, Outputs:0, VendorId:0x8086
[2021.12.22-23.46.11:954][  0]LogD3D11RHI:    2. 'Microsoft Basic Render Driver' (Feature Level 11_0)
[2021.12.22-23.46.11:954][  0]LogD3D11RHI:       0/0/4036 MB DedicatedVideo/DedicatedSystem/SharedSystem, Outputs:0, VendorId:0x1414
[2021.12.22-23.46.11:954][  0]LogD3D11RHI: Chosen D3D11 Adapter: 0
[2021.12.22-23.46.11:963][  0]LogD3D11RHI: Creating new Direct3DDevice
[2021.12.22-23.46.11:963][  0]LogD3D11RHI:     GPU DeviceId: 0x1f91 (for the marketing name, search the web for "GPU Device Id")
[2021.12.22-23.46.11:963][  0]LogWindows: EnumDisplayDevices:
[2021.12.22-23.46.11:963][  0]LogWindows:    0. 'Intel(R) UHD Graphics 630' (P:1 D:1)
[2021.12.22-23.46.11:964][  0]LogWindows:    1. 'Intel(R) UHD Graphics 630' (P:0 D:0)
[2021.12.22-23.46.11:964][  0]LogWindows:    2. 'Intel(R) UHD Graphics 630' (P:0 D:0)
[2021.12.22-23.46.11:965][  0]LogWindows:    3. 'NVIDIA GeForce GTX 1650' (P:0 D:1)
[2021.12.22-23.46.11:965][  0]LogWindows:    4. 'NVIDIA GeForce GTX 1650' (P:0 D:0)
[2021.12.22-23.46.11:965][  0]LogWindows:    5. 'NVIDIA GeForce GTX 1650' (P:0 D:0)
[2021.12.22-23.46.11:966][  0]LogWindows:    6. 'NVIDIA GeForce GTX 1650' (P:0 D:0)
[2021.12.22-23.46.11:966][  0]LogWindows: DebugString: PrimaryIsNotTheChoosenAdapter PrimaryIsNotTheChoosenAdapter PrimaryIsNotTheChoosenAdapter FoundDriverCount:4 
[2021.12.22-23.46.11:966][  0]LogD3D11RHI:     Adapter Name: NVIDIA GeForce GTX 1650
[2021.12.22-23.46.11:966][  0]LogD3D11RHI:   Driver Version: 497.09 (internal:30.0.14.9709, unified:497.09)
[2021.12.22-23.46.11:966][  0]LogD3D11RHI:      Driver Date: 11-26-2021
[2021.12.22-23.46.11:966][  0]LogRHI: Texture pool is 2773 MB (70% of 3962 MB)
[2021.12.22-23.46.12:095][  0]LogD3D11RHI: RHI has support for 64 bit atomics
[2021.12.22-23.46.12:095][  0]LogD3D11RHI: Async texture creation enabled
[2021.12.22-23.46.12:095][  0]LogD3D11RHI: Array index from any shader is supported
[2021.12.22-23.46.12:155][  0]LogD3D11RHI: GPU Timing Frequency: 1000.000000 (Debug: 2 1)
[2021.12.22-23.46.12:744][  0]LogTargetPlatformManager: Display: Loaded TargetPlatform 'AllDesktop'
[2021.12.22-23.46.12:787][  0]LogTargetPlatformManager: Display: Loaded TargetPlatform 'Android'
[2021.12.22-23.46.12:787][  0]LogTargetPlatformManager: Display: Loaded TargetPlatform 'Android_ASTC'
[2021.12.22-23.46.12:787][  0]LogTargetPlatformManager: Display: Loaded TargetPlatform 'Android_DXT'
[2021.12.22-23.46.12:787][  0]LogTargetPlatformManager: Display: Loaded TargetPlatform 'Android_ETC2'
[2021.12.22-23.46.12:787][  0]LogTargetPlatformManager: Display: Loaded TargetPlatform 'AndroidClient'
[2021.12.22-23.46.12:787][  0]LogTargetPlatformManager: Display: Loaded TargetPlatform 'Android_ASTCClient'
[2021.12.22-23.46.12:787][  0]LogTargetPlatformManager: Display: Loaded TargetPlatform 'Android_DXTClient'
[2021.12.22-23.46.12:787][  0]LogTargetPlatformManager: Display: Loaded TargetPlatform 'Android_ETC2Client'
[2021.12.22-23.46.12:787][  0]LogTargetPlatformManager: Display: Loaded TargetPlatform 'Android_Multi'
[2021.12.22-23.46.12:787][  0]LogTargetPlatformManager: Display: Loaded TargetPlatform 'Android_MultiClient'
[2021.12.22-23.46.12:836][  0]LogTargetPlatformManager: Display: Loaded TargetPlatform 'IOSClient'
[2021.12.22-23.46.12:836][  0]LogTargetPlatformManager: Display: Loaded TargetPlatform 'IOS'
[2021.12.22-23.46.12:858][  0]LogTargetPlatformManager: Display: Loaded TargetPlatform 'Linux'
[2021.12.22-23.46.12:881][  0]LogTargetPlatformManager: Display: Loaded TargetPlatform 'LinuxNoEditor'
[2021.12.22-23.46.12:898][  0]LogTargetPlatformManager: Display: Loaded TargetPlatform 'LinuxClient'
[2021.12.22-23.46.12:914][  0]LogTargetPlatformManager: Display: Loaded TargetPlatform 'LinuxServer'
[2021.12.22-23.46.12:937][  0]LogTargetPlatformManager: Display: Loaded TargetPlatform 'LinuxAArch64NoEditor'
[2021.12.22-23.46.12:964][  0]LogTargetPlatformManager: Display: Loaded TargetPlatform 'LinuxAArch64Client'
[2021.12.22-23.46.12:991][  0]LogTargetPlatformManager: Display: Loaded TargetPlatform 'LinuxAArch64Server'
[2021.12.22-23.46.13:120][  0]LogTargetPlatformManager: Display: Loaded TargetPlatform 'Lumin'
[2021.12.22-23.46.13:120][  0]LogTargetPlatformManager: Display: Loaded TargetPlatform 'LuminClient'
[2021.12.22-23.46.13:187][  0]LogTargetPlatformManager: Display: Loaded TargetPlatform 'TVOSClient'
[2021.12.22-23.46.13:187][  0]LogTargetPlatformManager: Display: Loaded TargetPlatform 'TVOS'
[2021.12.22-23.46.13:226][  0]LogTargetPlatformManager: Display: Loaded TargetPlatform 'WindowsNoEditor'
[2021.12.22-23.46.13:246][  0]LogTargetPlatformManager: Display: Loaded TargetPlatform 'Windows'
[2021.12.22-23.46.13:273][  0]LogTargetPlatformManager: Display: Loaded TargetPlatform 'WindowsClient'
[2021.12.22-23.46.13:301][  0]LogTargetPlatformManager: Display: Loaded TargetPlatform 'WindowsServer'
[2021.12.22-23.46.13:301][  0]LogTargetPlatformManager: Display: Building Assets For Windows
[2021.12.22-23.46.13:323][  0]LogAudioDebug: Display: Lib vorbis DLL was dynamically loaded.
[2021.12.22-23.46.13:474][  0]LogShaderCompilers: Guid format shader working directory is -23 characters bigger than the processId version (../../../../../../Users/danie/Documents/GitHub/PacmanSi/PacmanCheems/Intermediate/Shaders/WorkingDirectory/12904/).
[2021.12.22-23.46.13:474][  0]LogShaderCompilers: Cleaned the shader compiler working directory 'C:/Users/danie/AppData/Local/Temp/UnrealShaderWorkingDir/3A7C65994FF3C31034FA0EB1D65B6722/'.
[2021.12.22-23.46.13:475][  0]LogXGEController: Cannot use XGE Controller as Incredibuild is not installed on this machine.
[2021.12.22-23.46.13:476][  0]LogShaderCompilers: Cannot use XGE Shader Compiler as Incredibuild is not installed on this machine.
[2021.12.22-23.46.13:476][  0]LogShaderCompilers: Display: Using Local Shader Compiler.
[2021.12.22-23.46.14:985][  0]LogDerivedDataCache: Display: Max Cache Size: 512 MB
[2021.12.22-23.46.15:084][  0]LogDerivedDataCache: Loaded boot cache 0.10s 75MB C:/Users/danie/AppData/Local/UnrealEngine/4.25/DerivedDataCache/Boot.ddc.
[2021.12.22-23.46.15:084][  0]LogDerivedDataCache: Display: Loaded Boot cache: C:/Users/danie/AppData/Local/UnrealEngine/4.25/DerivedDataCache/Boot.ddc
[2021.12.22-23.46.15:084][  0]LogDerivedDataCache: FDerivedDataBackendGraph:  Pak pak cache file ../../../../../../Users/danie/Documents/GitHub/PacmanSi/PacmanCheems/DerivedDataCache/DDC.ddp not found, will not use a pak cache.
[2021.12.22-23.46.15:084][  0]LogDerivedDataCache: Unable to find inner node Pak for hierarchical cache Hierarchy.
[2021.12.22-23.46.15:085][  0]LogDerivedDataCache: FDerivedDataBackendGraph:  CompressedPak pak cache file ../../../../../../Users/danie/Documents/GitHub/PacmanSi/PacmanCheems/DerivedDataCache/Compressed.ddp not found, will not use a pak cache.
[2021.12.22-23.46.15:085][  0]LogDerivedDataCache: Unable to find inner node CompressedPak for hierarchical cache Hierarchy.
[2021.12.22-23.46.15:100][  0]LogDerivedDataCache: Display: Pak cache opened for reading ../../../Engine/DerivedDataCache/Compressed.ddp.
[2021.12.22-23.46.15:100][  0]LogDerivedDataCache: FDerivedDataBackendGraph:  EnterprisePak pak cache file ../../../Enterprise/DerivedDataCache/Compressed.ddp not found, will not use a pak cache.
[2021.12.22-23.46.15:100][  0]LogDerivedDataCache: Unable to find inner node EnterprisePak for hierarchical cache Hierarchy.
[2021.12.22-23.46.15:101][  0]LogDerivedDataCache: Using Local data cache path C:/Users/danie/AppData/Local/UnrealEngine/Common/DerivedDataCache: Writable
[2021.12.22-23.46.15:101][  0]LogDerivedDataCache: Shared data cache path not found in *engine.ini, will not use an Shared cache.
[2021.12.22-23.46.15:101][  0]LogDerivedDataCache: Unable to find inner node Shared for hierarchical cache Hierarchy.
[2021.12.22-23.46.15:185][  0]LogSlate: Using FreeType 2.10.0
[2021.12.22-23.46.15:187][  0]LogSlate: SlateFontServices - WITH_FREETYPE: 1, WITH_HARFBUZZ: 1
[2021.12.22-23.46.15:243][  0]LogAssetRegistry: FAssetRegistry took 0.0058 seconds to start up
[2021.12.22-23.46.15:724][  0]LogInit: Selected Device Profile: [Windows]
[2021.12.22-23.46.15:983][  0]LogMeshReduction: Using QuadricMeshReduction for automatic static mesh reduction
[2021.12.22-23.46.15:983][  0]LogMeshReduction: Using SimplygonMeshReduction for automatic skeletal mesh reduction
[2021.12.22-23.46.15:983][  0]LogMeshReduction: Using ProxyLODMeshReduction for automatic mesh merging
[2021.12.22-23.46.15:983][  0]LogMeshReduction: No distributed automatic mesh merging module available
[2021.12.22-23.46.15:983][  0]LogMeshMerging: No distributed automatic mesh merging module available
[2021.12.22-23.46.16:020][  0]LogNetVersion: PacmanCheems 1.0.0, NetCL: 13144385, EngineNetVer: 14, GameNetVer: 0 (Checksum: 2879634670)
[2021.12.22-23.46.16:905][  0]LogAISub: UAISubsystem::UAISubsystem AISubsystem (0000023BD8191800), frame # 0
[2021.12.22-23.46.16:905][  0]LogAISub: UAISubsystem::UAISubsystem AIPerceptionSystem (0000023BD808DE40), frame # 0
[2021.12.22-23.46.16:908][  0]LogAISub: UAISubsystem::UAISubsystem EnvQueryManager (0000023BD80D9C00), frame # 0
[2021.12.22-23.46.17:004][  0]LogPackageLocalizationCache: Processed 19 localized package path(s) for 1 prioritized culture(s) in 0.082826 seconds
[2021.12.22-23.46.17:018][  0]LogUObjectArray: 15917 objects as part of root set at end of initial load.
[2021.12.22-23.46.17:018][  0]LogUObjectAllocator: 3965568 out of 0 bytes used by permanent object pool.
[2021.12.22-23.46.17:018][  0]LogUObjectArray: CloseDisregardForGC: 0/0 objects in disregard for GC pool
[2021.12.22-23.46.17:854][  0]LogTcpMessaging: Initializing TcpMessaging bridge
[2021.12.22-23.46.17:862][  0]LogUdpMessaging: Initializing bridge on interface 0.0.0.0:0 to multicast group 230.0.0.1:6666.
[2021.12.22-23.46.18:041][  0]SourceControl: Source control is disabled
[2021.12.22-23.46.18:041][  0]SourceControl: Source control is disabled
[2021.12.22-23.46.18:049][  0]SourceControl: Source control is disabled
[2021.12.22-23.46.18:057][  0]SourceControl: Source control is disabled
[2021.12.22-23.46.18:079][  0]SourceControl: Source control is disabled
[2021.12.22-23.46.18:103][  0]LogVSAccessor: Display: Unable to create Visual Studio setup instance: 80040154
[2021.12.22-23.46.18:104][  0]LogVSAccessor: Display: Unable to create Visual Studio setup instance: 80040154
[2021.12.22-23.46.18:622][  0]LogAndroidPermission: UAndroidPermissionCallbackProxy::GetInstance
[2021.12.22-23.46.18:659][  0]LogAudioCaptureCore: Display: No Audio Capture implementations found. Audio input will be silent.
[2021.12.22-23.46.18:659][  0]LogAudioCaptureCore: Display: No Audio Capture implementations found. Audio input will be silent.
[2021.12.22-23.46.18:759][  0]LogOcInput: OculusInput pre-init called
[2021.12.22-23.46.18:781][  0]LogWindows: Failed to load 'OVRPlugin.dll' (GetLastError=126)
[2021.12.22-23.46.18:782][  0]LogWindows: File 'OVRPlugin.dll' does not exist
[2021.12.22-23.46.18:912][  0]LogEngine: Initializing Engine...
[2021.12.22-23.46.18:915][  0]LogHMD: Failed to initialize OpenVR with code 110
[2021.12.22-23.46.18:915][  0]LogMagicLeap: Warning: VR disabled because ZI is not enabled.  To enable, in the editor, Edit -> Project Settings -> Plugins -> Magic Leap Plugin -> Enable Zero Iteration
[2021.12.22-23.46.18:916][  0]LogStats: UGameplayTagsManager::InitializeManager -  0.000 s
[2021.12.22-23.46.19:239][  0]LogInit: Initializing FReadOnlyCVARCache
[2021.12.22-23.46.19:251][  0]LogAIModule: Creating AISystem for world Untitled
[2021.12.22-23.46.19:251][  0]LogAISub: UAISubsystem::UAISubsystem EnvQueryManager (0000023BDC4EC600), frame # 0
[2021.12.22-23.46.19:251][  0]LogAISub: UAISubsystem::UAISubsystem AIPerceptionSystem (0000023BDC4AB380), frame # 0
[2021.12.22-23.46.19:257][  0]LogAudioMixer: Display: Audio Mixer Platform Settings:
[2021.12.22-23.46.19:258][  0]LogAudioMixer: Display: 	Sample Rate:						  48000
[2021.12.22-23.46.19:258][  0]LogAudioMixer: Display: 	Callback Buffer Frame Size Requested: 1024
[2021.12.22-23.46.19:258][  0]LogAudioMixer: Display: 	Callback Buffer Frame Size To Use:	  1024
[2021.12.22-23.46.19:258][  0]LogAudioMixer: Display: 	Number of buffers to queue:			  2
[2021.12.22-23.46.19:258][  0]LogAudioMixer: Display: 	Max Channels (voices):				  32
[2021.12.22-23.46.19:258][  0]LogAudioMixer: Display: 	Number of Async Source Workers:		  0
[2021.12.22-23.46.19:258][  0]LogAudio: Display: AudioDevice MaxSources: 32
[2021.12.22-23.46.19:258][  0]LogAudio: Display: Using built-in audio occlusion.
[2021.12.22-23.46.19:258][  0]LogAudioMixer: Display: Initializing audio mixer.
[2021.12.22-23.46.19:294][  0]LogAudioMixer: Display: 0: FrontLeft
[2021.12.22-23.46.19:294][  0]LogAudioMixer: Display: 1: FrontRight
[2021.12.22-23.46.19:363][  0]LogAudioMixer: Display: Using Audio Device Altavoces (Realtek(R) Audio)
[2021.12.22-23.46.19:364][  0]LogAudioMixer: Display: Initializing Sound Submixes...
[2021.12.22-23.46.19:367][  0]LogAudioMixer: Display: Creating Master Submix 'MasterSubmixDefault'
[2021.12.22-23.46.19:367][  0]LogAudioMixer: Display: Creating Master Submix 'MasterReverbSubmixDefault'
[2021.12.22-23.46.19:369][  0]LogAudioMixer: Display: Creating Master Submix 'MasterEQSubmixDefault'
[2021.12.22-23.46.19:371][  0]LogInit: FAudioDevice initialized.
[2021.12.22-23.46.19:371][  0]LogNetVersion: Set ProjectVersion to 1.0.0.0. Version Checksum will be recalculated on next use.
[2021.12.22-23.46.19:446][  0]LogDerivedDataCache: Saved boot cache 0.07s 75MB C:/Users/danie/AppData/Local/UnrealEngine/4.25/DerivedDataCache/Boot.ddc.
[2021.12.22-23.46.19:447][  0]LogInit: Texture streaming: Enabled
[2021.12.22-23.46.19:483][  0]LogEngineSessionManager: EngineSessionManager initialized
[2021.12.22-23.46.19:483][  0]LogEditorSessionSummary: Verbose: Initializing EditorSessionSummaryWriter for editor session tracking
[2021.12.22-23.46.19:488][  0]LogEditorSessionSummary: EditorSessionSummaryWriter initialized
[2021.12.22-23.46.19:570][  0]LogInit: Transaction tracking system initialized
[2021.12.22-23.46.19:616][  0]BlueprintLog: New page: Editor Load
[2021.12.22-23.46.19:737][  0]LocalizationService: Localization service is disabled
[2021.12.22-23.46.20:497][  0]LogVSAccessor: Display: Unable to create Visual Studio setup instance: 80040154
[2021.12.22-23.46.20:497][  0]LogVSAccessor: Display: Unable to create Visual Studio setup instance: 80040154
[2021.12.22-23.46.20:656][  0]LogCook: Display: Max memory allowance for cook 16384mb min free memory 0mb
[2021.12.22-23.46.20:656][  0]LogCook: Display: Mobile HDR setting 1
[2021.12.22-23.46.20:919][  0]LogFileCache: Scanning file cache for directory 'C:/Users/danie/Documents/GitHub/PacmanSi/PacmanCheems/Content/' took 0.01s
[2021.12.22-23.46.21:366][  0]SourceControl: Source control is disabled
[2021.12.22-23.46.21:366][  0]LogUnrealEdMisc: Loading editor; pre map load, took 17.290
[2021.12.22-23.46.21:366][  0]Cmd: MAP LOAD FILE="../../../../../../Users/danie/Documents/GitHub/PacmanSi/PacmanCheems/Content/ThirdPersonBP/Maps/ThirdPersonExampleMap.umap" TEMPLATE=0 SHOWPROGRESS=1 FEATURELEVEL=3
[2021.12.22-23.46.21:380][  0]LightingResults: New page: Lighting Build
[2021.12.22-23.46.21:382][  0]LogWorld: UWorld::CleanupWorld for Untitled, bSessionEnded=true, bCleanupResources=true
[2021.12.22-23.46.21:382][  0]LogSlate: InvalidateAllWidgets triggered.  All widgets were invalidated
[2021.12.22-23.46.21:383][  0]MapCheck: New page: Map Check
[2021.12.22-23.46.21:383][  0]LightingResults: New page: Lighting Build
[2021.12.22-23.46.21:406][  0]LogAISub: UAISubsystem::~UAISubsystem EnvQueryManager (0000023BDC4EC600), frame # 0
[2021.12.22-23.46.21:406][  0]LogAISub: UAISubsystem::~UAISubsystem AIPerceptionSystem (0000023BDC4AB380), frame # 0
[2021.12.22-23.46.21:408][  0]LogUObjectHash: Compacting FUObjectHashTables data took   1.79ms
[2021.12.22-23.46.21:877][  0]LogAIModule: Creating AISystem for world ThirdPersonExampleMap
[2021.12.22-23.46.21:877][  0]LogAISub: UAISubsystem::UAISubsystem EnvQueryManager (0000023BCA0EBE00), frame # 0
[2021.12.22-23.46.21:877][  0]LogAISub: UAISubsystem::UAISubsystem AIPerceptionSystem (0000023BCA6C1E40), frame # 0
[2021.12.22-23.46.21:912][  0]LogEditorServer: Finished looking for orphan Actors (0.000 secs)
[2021.12.22-23.46.21:938][  0]LogUObjectHash: Compacting FUObjectHashTables data took   2.97ms
[2021.12.22-23.46.21:938][  0]Cmd: MAP CHECKDEP NOCLEARLOG
[2021.12.22-23.46.21:939][  0]MapCheck: Map check complete: 0 Error(s), 0 Warning(s), took 0.819ms to complete.
[2021.12.22-23.46.21:940][  0]LogFileHelpers: Loading map 'ThirdPersonExampleMap' took 0.574
[2021.12.22-23.46.21:945][  0]LogUnrealEdMisc: Total Editor Startup Time, took 17.870
[2021.12.22-23.46.23:333][  0]LogSlate: Updating window title bar state: overlay mode, drag disabled, window buttons hidden, title bar hidden
[2021.12.22-23.46.23:353][  0]LogSlate: Updating window title bar state: overlay mode, drag disabled, window buttons hidden, title bar hidden
[2021.12.22-23.46.23:365][  0]LogSlate: Updating window title bar state: overlay mode, drag disabled, window buttons hidden, title bar hidden
[2021.12.22-23.46.23:376][  0]LogSlate: Updating window title bar state: overlay mode, drag disabled, window buttons hidden, title bar hidden
[2021.12.22-23.46.23:391][  0]LogCollectionManager: Loaded 0 collections in 0.003038 seconds
[2021.12.22-23.46.23:434][  0]LogFileCache: Scanning file cache for directory 'C:/Users/danie/Documents/GitHub/PacmanSi/PacmanCheems/Saved/Collections/' took 0.00s
[2021.12.22-23.46.23:434][  0]LogFileCache: Scanning file cache for directory 'C:/Users/danie/Documents/GitHub/PacmanSi/PacmanCheems/Content/Developers/Dwanwii/Collections/' took 0.00s
[2021.12.22-23.46.23:434][  0]LogFileCache: Scanning file cache for directory 'C:/Users/danie/Documents/GitHub/PacmanSi/PacmanCheems/Content/Collections/' took 0.00s
[2021.12.22-23.46.23:434][  0]LogContentBrowser: Native class hierarchy populated in 0.0142 seconds. Added 3427 classes and 821 folders.
[2021.12.22-23.46.23:444][  0]LogContentBrowser: Native class hierarchy updated for 'WidgetCarousel' in 0.0004 seconds. Added 0 classes and 0 folders.
[2021.12.22-23.46.23:676][  0]LogContentBrowser: Native class hierarchy updated for 'AddContentDialog' in 0.0008 seconds. Added 0 classes and 0 folders.
[2021.12.22-23.46.23:684][  0]LogContentBrowser: Native class hierarchy updated for 'SceneOutliner' in 0.0008 seconds. Added 2 classes and 0 folders.
[2021.12.22-23.46.23:708][  0]LogContentBrowser: Native class hierarchy updated for 'WorldBrowser' in 0.0004 seconds. Added 2 classes and 3 folders.
[2021.12.22-23.46.23:936][  0]LogSlate: Took 0.000471 seconds to synchronously load lazily loaded font '../../../Engine/Content/Slate/Fonts/Roboto-Regular.ttf' (155K)
[2021.12.22-23.46.23:942][  0]LogSlate: Took 0.000256 seconds to synchronously load lazily loaded font '../../../Engine/Content/Slate/Fonts/Roboto-Bold.ttf' (160K)
[2021.12.22-23.46.23:958][  0]LogSlate: Took 0.000875 seconds to synchronously load lazily loaded font '../../../Engine/Content/Editor/Slate/Fonts/FontAwesome.ttf' (139K)
[2021.12.22-23.46.24:122][  0]LogRenderer: Reallocating scene render targets to support 988x412 Format 10 NumSamples 1 (Frame:1).
[2021.12.22-23.46.24:377][  0]LogContentBrowser: Native class hierarchy updated for 'HierarchicalLODOutliner' in 0.0006 seconds. Added 0 classes and 0 folders.
[2021.12.22-23.46.24:377][  0]LogLoad: (Engine Initialization) Total time: 20.30 seconds
[2021.12.22-23.46.24:378][  0]LogLoad: (Engine Initialization) Total Blueprint compile time: 0.00 seconds
[2021.12.22-23.46.24:576][  0]LogContentStreaming: Texture pool size now 1000 MB
[2021.12.22-23.46.24:625][  0]LogSlate: Took 0.010244 seconds to synchronously load lazily loaded font '../../../Engine/Content/Slate/Fonts/Roboto-Light.ttf' (167K)
[2021.12.22-23.46.25:468][ 26]LogSlate: Took 0.001127 seconds to synchronously load lazily loaded font '../../../Engine/Content/Slate/Fonts/Roboto-Light.ttf' (167K)
[2021.12.22-23.46.29:716][190]LogAssetRegistry: Asset discovery search completed in 14.4741 seconds
[2021.12.22-23.46.29:727][190]LogCollectionManager: Fixed up redirectors for 0 collections in 0.000005 seconds (updated 0 objects)
[2021.12.22-23.49.44:321][798]LogFactory: FactoryCreateFile: Texture with ReimportTextureFactory (0 0 C:\Users\danie\Downloads\GatoSad.png)
[2021.12.22-23.49.44:357][798]LogTexture: Display: Building textures: GatoSad (AutoDXT, 512X512)
[2021.12.22-23.49.44:434][798]LogFactory: FactoryCreateFile: Texture with ReimportTextureFactory (0 0 C:\Users\danie\Downloads\GatoSonrisa.png)
[2021.12.22-23.49.44:442][798]LogTexture: Display: Building textures: GatoSonrisa (AutoDXT, 512X512)
[2021.12.22-23.49.48:170][814]LogEditorViewport: Clicking on Actor (LMB): StaticMeshActor (Floor)
[2021.12.22-23.49.55:614][240]LogTemp: Repeating last play command: Selected Viewport
[2021.12.22-23.49.55:654][240]LogPlayLevel: PlayLevel: No blueprints needed recompiling
[2021.12.22-23.49.55:661][240]PIE: New page: PIE session: ThirdPersonExampleMap (Dec 22, 2021, 5:49:55 PM)
[2021.12.22-23.49.55:673][240]LogOnline: OSS: Creating online subsystem instance for: NULL
[2021.12.22-23.49.55:678][240]LogOnline: OSS: TryLoadSubsystemAndSetDefault: Loaded subsystem for module [NULL]
[2021.12.22-23.49.55:680][240]LogPlayLevel: Creating play world package: /Game/ThirdPersonBP/Maps/UEDPIE_0_ThirdPersonExampleMap
[2021.12.22-23.49.55:741][240]LogPlayLevel: PIE: StaticDuplicateObject took: (0.060683s)
[2021.12.22-23.49.55:769][240]LogAIModule: Creating AISystem for world ThirdPersonExampleMap
[2021.12.22-23.49.55:771][240]LogAISub: UAISubsystem::UAISubsystem EnvQueryManager (0000023BE6A7BE00), frame # 3240
[2021.12.22-23.49.55:773][240]LogAISub: UAISubsystem::UAISubsystem AIPerceptionSystem (0000023BE6A7FD80), frame # 3240
[2021.12.22-23.49.55:775][240]LogPlayLevel: PIE: World Init took: (0.033969s)
[2021.12.22-23.49.55:775][240]LogPlayLevel: PIE: Created PIE world by copying editor world from /Game/ThirdPersonBP/Maps/ThirdPersonExampleMap.ThirdPersonExampleMap to /Game/ThirdPersonBP/Maps/UEDPIE_0_ThirdPersonExampleMap.ThirdPersonExampleMap (0.095355s)
[2021.12.22-23.49.55:810][240]LogUObjectHash: Compacting FUObjectHashTables data took   9.64ms
[2021.12.22-23.49.55:875][240]LogAudioMixer: Display: Audio Mixer Platform Settings:
[2021.12.22-23.49.55:875][240]LogAudioMixer: Display: 	Sample Rate:						  48000
[2021.12.22-23.49.55:875][240]LogAudioMixer: Display: 	Callback Buffer Frame Size Requested: 1024
[2021.12.22-23.49.55:875][240]LogAudioMixer: Display: 	Callback Buffer Frame Size To Use:	  1024
[2021.12.22-23.49.55:875][240]LogAudioMixer: Display: 	Number of buffers to queue:			  2
[2021.12.22-23.49.55:875][240]LogAudioMixer: Display: 	Max Channels (voices):				  32
[2021.12.22-23.49.55:875][240]LogAudioMixer: Display: 	Number of Async Source Workers:		  0
[2021.12.22-23.49.55:875][240]LogAudio: Display: AudioDevice MaxSources: 32
[2021.12.22-23.49.55:877][240]LogAudio: Display: Using built-in audio occlusion.
[2021.12.22-23.49.55:877][240]LogAudioMixer: Display: Initializing audio mixer.
[2021.12.22-23.49.55:883][240]LogAudioMixer: Display: 0: FrontLeft
[2021.12.22-23.49.55:883][240]LogAudioMixer: Display: 1: FrontRight
[2021.12.22-23.49.55:923][240]LogAudioMixer: Display: Using Audio Device Altavoces (Realtek(R) Audio)
[2021.12.22-23.49.55:928][240]LogAudioMixer: Display: Initializing Sound Submixes...
[2021.12.22-23.49.55:928][240]LogAudioMixer: Display: Creating Master Submix 'MasterSubmixDefault'
[2021.12.22-23.49.55:928][240]LogAudioMixer: Display: Creating Master Submix 'MasterReverbSubmixDefault'
[2021.12.22-23.49.55:932][240]LogAudioMixer: Display: Creating Master Submix 'MasterEQSubmixDefault'
[2021.12.22-23.49.55:949][240]LogInit: FAudioDevice initialized.
[2021.12.22-23.49.56:005][240]LogLoad: Game class is 'ThirdPersonGameMode_C'
[2021.12.22-23.49.56:020][240]LogWorld: Bringing World /Game/ThirdPersonBP/Maps/UEDPIE_0_ThirdPersonExampleMap.ThirdPersonExampleMap up for play (max tick rate 60) at 2021.12.22-20.49.56
[2021.12.22-23.49.56:021][240]LogWorld: Bringing up level for play took: 0.006559
[2021.12.22-23.49.56:023][240]LogOnline: OSS: Creating online subsystem instance for: :Context_6
[2021.12.22-23.49.56:054][240]LogContentBrowser: Native class hierarchy updated for 'MovieSceneCapture' in 0.0021 seconds. Added 20 classes and 0 folders.
[2021.12.22-23.49.56:076][240]PIE: Server logged in
[2021.12.22-23.49.56:077][240]PIE: Play in editor total start time 0.427 seconds.
[2021.12.22-23.49.56:147][241]LogCharacterMovement: Warning: GetSimulationTimeStep() - Max iterations 8 hit while remaining time 0.077450 > MaxSimulationTimeStep (0.050) for 'ThirdPersonCharacter_167', movement 'Walking'
[2021.12.22-23.49.56:938][283]LogBlueprintUserMessages: [ThirdPersonCharacter_167] 10
[2021.12.22-23.49.57:047][290]LogBlueprintUserMessages: [ThirdPersonCharacter_167] 20
[2021.12.22-23.49.57:163][297]LogBlueprintUserMessages: [ThirdPersonCharacter_167] 30
[2021.12.22-23.49.57:281][304]LogBlueprintUserMessages: [ThirdPersonCharacter_167] 40
[2021.12.22-23.49.57:397][311]LogBlueprintUserMessages: [ThirdPersonCharacter_167] 50
[2021.12.22-23.49.57:536][319]LogBlueprintUserMessages: [ThirdPersonCharacter_167] 60
[2021.12.22-23.49.57:665][326]LogBlueprintUserMessages: [ThirdPersonCharacter_167] 70
[2021.12.22-23.49.57:665][326]LogBlueprintUserMessages: [ThirdPersonCharacter_167] you win
[2021.12.22-23.49.57:782][333]LogBlueprintUserMessages: [ThirdPersonCharacter_167] 80
[2021.12.22-23.50.01:935][577]LogSlate: Updating window title bar state: overlay mode, drag disabled, window buttons hidden, title bar hidden
[2021.12.22-23.50.01:935][577]LogWorld: BeginTearingDown for /Game/ThirdPersonBP/Maps/UEDPIE_0_ThirdPersonExampleMap
[2021.12.22-23.50.01:937][577]LogWorld: UWorld::CleanupWorld for ThirdPersonExampleMap, bSessionEnded=true, bCleanupResources=true
[2021.12.22-23.50.01:938][577]LogSlate: InvalidateAllWidgets triggered.  All widgets were invalidated
[2021.12.22-23.50.01:951][577]LogPlayLevel: Display: Shutting down PIE online subsystems
[2021.12.22-23.50.01:955][577]LogSlate: InvalidateAllWidgets triggered.  All widgets were invalidated
[2021.12.22-23.50.02:014][577]LogSlate: Updating window title bar state: overlay mode, drag disabled, window buttons hidden, title bar hidden
[2021.12.22-23.50.02:020][577]LogAISub: UAISubsystem::~UAISubsystem AIPerceptionSystem (0000023BE6A7FD80), frame # 3577
[2021.12.22-23.50.02:020][577]LogAISub: UAISubsystem::~UAISubsystem EnvQueryManager (0000023BE6A7BE00), frame # 3577
[2021.12.22-23.50.02:025][577]LogUObjectHash: Compacting FUObjectHashTables data took   1.67ms
[2021.12.22-23.50.02:060][578]LogPlayLevel: Display: Destroying online subsystem :Context_6
[2021.12.22-23.50.03:446][650]LogAssetEditorSubsystem: Opening Asset editor for LevelScriptBlueprint /Game/ThirdPersonBP/Maps/ThirdPersonExampleMap.ThirdPersonExampleMap:PersistentLevel.ThirdPersonExampleMap
[2021.12.22-23.50.03:975][650]LogContentBrowser: Native class hierarchy updated for 'BlueprintGraph' in 0.0028 seconds. Added 125 classes and 0 folders.
[2021.12.22-23.50.05:792][650]LogSlate: Took 0.001247 seconds to synchronously load lazily loaded font '../../../Engine/Content/Slate/Fonts/Roboto-BoldCondensed.ttf' (158K)
[2021.12.22-23.50.05:894][651]LogSlate: Took 0.001757 seconds to synchronously load lazily loaded font '../../../Engine/Content/Slate/Fonts/Roboto-Italic.ttf' (157K)
[2021.12.22-23.50.17:830][202]LogSlate: Window 'ThirdPersonExampleMap' being destroyed
[2021.12.22-23.50.17:839][202]LogSlate: Window 'ThirdPersonExampleMap' being destroyed
[2021.12.22-23.50.17:859][202]LogWorld: UWorld::CleanupWorld for World_5, bSessionEnded=true, bCleanupResources=true
[2021.12.22-23.50.17:859][202]LogSlate: InvalidateAllWidgets triggered.  All widgets were invalidated
[2021.12.22-23.50.49:295][171]LogAudioMixer: Display: Audio Buffer Underrun detected.
[2021.12.22-23.50.49:961][173]LogAudioMixer: Display: Audio Buffer Underrun detected.
[2021.12.22-23.50.50:628][175]LogAudioMixer: Display: Audio Buffer Underrun detected.
[2021.12.22-23.51.07:640][226]LogAudioMixer: Display: Audio Buffer Underrun detected.
[2021.12.22-23.51.36:051][311]LogAudioMixer: Display: Audio Buffer Underrun detected.
[2021.12.22-23.51.59:853][382]LogAudioMixer: Display: Audio Buffer Underrun detected.
[2021.12.22-23.52.20:584][444]LogAudioMixer: Display: Audio Buffer Underrun detected.
[2021.12.22-23.52.49:758][531]LogAudioMixer: Display: Audio Buffer Underrun detected.
[2021.12.22-23.53.10:827][594]LogAudioMixer: Display: Audio Buffer Underrun detected.
[2021.12.22-23.53.25:606][638]LogAudioMixer: Display: Audio Buffer Underrun detected.
[2021.12.22-23.54.39:952][860]LogAudioMixer: Display: Audio Buffer Underrun detected.
[2021.12.22-23.54.54:405][903]LogAudioMixer: Display: Audio Buffer Underrun detected.
[2021.12.22-23.55.05:856][937]LogAudioMixer: Display: Audio Buffer Underrun detected.
[2021.12.22-23.55.35:696][111]LogFactory: FactoryCreateFile: Texture with ReimportTextureFactory (0 0 C:\Users\danie\Downloads\pngwing.com (2).png)
[2021.12.22-23.55.35:746][111]LogTexture: Display: Building textures: pngwing_com__2_ (BGRA8, 1139X1138)
[2021.12.22-23.55.39:670][300]LogRenderer: Reallocating scene render targets to support 1236x516 Format 10 NumSamples 1 (Frame:4392).
[2021.12.22-23.56.01:917][536]LogUObjectHash: Compacting FUObjectHashTables data took   2.95ms
[2021.12.22-23.56.02:037][536]LogSavePackage: Moving '../../../../../../Users/danie/Documents/GitHub/PacmanSi/PacmanCheems/Saved/ThirdPersonExampleMapEBCFF6AB4633DF9BAC42DF8C72FFC2CF.tmp' to '../../../../../../Users/danie/Documents/GitHub/PacmanSi/PacmanCheems/Content/ThirdPersonBP/Maps/ThirdPersonExampleMap.umap'
[2021.12.22-23.56.02:110][536]AssetCheck: New page: Asset Save: ThirdPersonExampleMap
[2021.12.22-23.56.02:110][536]LogContentValidation: Display: Validating World /Game/ThirdPersonBP/Maps/ThirdPersonExampleMap.ThirdPersonExampleMap
